<?xml version="1.0" encoding="UTF-8"?>
<!-- Generated by org.testng.reporters.JUnitXMLReporter -->
<testsuite ignored="0" hostname="LAPTOP-9QS45CBK" failures="0" tests="4" name="Default test" time="0.143" errors="0" timestamp="2024-10-02T14:10:07 IST">
  <testcase classname="testNg.testNgdemo" name="test1" time="0.01"/>
  <testcase classname="testNg.testNgdemo" name="test2" time="0.003"/>
  <testcase classname="testNg.testNgdemo" name="test3" time="0.011"/>
  <testcase classname="testNg.testNgdemo" name="test4" time="0.008"/>
</testsuite> <!-- Default test -->
