<?xml version="1.0" encoding="UTF-8"?>
<testng-results ignored="0" total="4" passed="4" failed="0" skipped="0">
  <reporter-output>
  </reporter-output>
  <suite started-at="2024-10-02T14:10:07 IST" name="Default suite" finished-at="2024-10-02T14:10:07 IST" duration-ms="143">
    <groups>
    </groups>
    <test started-at="2024-10-02T14:10:07 IST" name="Default test" finished-at="2024-10-02T14:10:07 IST" duration-ms="143">
      <class name="testNg.testNgdemo">
        <test-method is-config="true" signature="setUp()[pri:0, instance:testNg.testNgdemo@a38c7fe]" started-at="2024-10-02T14:10:07 IST" name="setUp" finished-at="2024-10-02T14:10:07 IST" duration-ms="10" status="PASS">
          <reporter-output>
          </reporter-output>
        </test-method> <!-- setUp -->
        <test-method is-config="true" signature="urlloading()[pri:0, instance:testNg.testNgdemo@a38c7fe]" started-at="2024-10-02T14:10:07 IST" name="urlloading" finished-at="2024-10-02T14:10:07 IST" duration-ms="1" status="PASS">
          <reporter-output>
          </reporter-output>
        </test-method> <!-- urlloading -->
        <test-method signature="test1()[pri:0, instance:testNg.testNgdemo@a38c7fe]" started-at="2024-10-02T14:10:07 IST" name="test1" finished-at="2024-10-02T14:10:07 IST" duration-ms="10" status="PASS">
          <reporter-output>
          </reporter-output>
        </test-method> <!-- test1 -->
        <test-method is-config="true" signature="aftrmethd()[pri:0, instance:testNg.testNgdemo@a38c7fe]" started-at="2024-10-02T14:10:07 IST" name="aftrmethd" finished-at="2024-10-02T14:10:07 IST" duration-ms="1" status="PASS">
          <reporter-output>
          </reporter-output>
        </test-method> <!-- aftrmethd -->
        <test-method is-config="true" signature="urlloading()[pri:0, instance:testNg.testNgdemo@a38c7fe]" started-at="2024-10-02T14:10:07 IST" name="urlloading" finished-at="2024-10-02T14:10:07 IST" duration-ms="1" status="PASS">
          <reporter-output>
          </reporter-output>
        </test-method> <!-- urlloading -->
        <test-method signature="test2()[pri:0, instance:testNg.testNgdemo@a38c7fe]" started-at="2024-10-02T14:10:07 IST" name="test2" finished-at="2024-10-02T14:10:07 IST" duration-ms="3" status="PASS">
          <reporter-output>
          </reporter-output>
        </test-method> <!-- test2 -->
        <test-method is-config="true" signature="aftrmethd()[pri:0, instance:testNg.testNgdemo@a38c7fe]" started-at="2024-10-02T14:10:07 IST" name="aftrmethd" finished-at="2024-10-02T14:10:07 IST" duration-ms="0" status="PASS">
          <reporter-output>
          </reporter-output>
        </test-method> <!-- aftrmethd -->
        <test-method is-config="true" signature="urlloading()[pri:0, instance:testNg.testNgdemo@a38c7fe]" started-at="2024-10-02T14:10:07 IST" name="urlloading" finished-at="2024-10-02T14:10:07 IST" duration-ms="0" status="PASS">
          <reporter-output>
          </reporter-output>
        </test-method> <!-- urlloading -->
        <test-method signature="test3()[pri:0, instance:testNg.testNgdemo@a38c7fe]" started-at="2024-10-02T14:10:07 IST" name="test3" finished-at="2024-10-02T14:10:07 IST" duration-ms="11" status="PASS">
          <reporter-output>
          </reporter-output>
        </test-method> <!-- test3 -->
        <test-method is-config="true" signature="aftrmethd()[pri:0, instance:testNg.testNgdemo@a38c7fe]" started-at="2024-10-02T14:10:07 IST" name="aftrmethd" finished-at="2024-10-02T14:10:07 IST" duration-ms="0" status="PASS">
          <reporter-output>
          </reporter-output>
        </test-method> <!-- aftrmethd -->
        <test-method is-config="true" signature="urlloading()[pri:0, instance:testNg.testNgdemo@a38c7fe]" started-at="2024-10-02T14:10:07 IST" name="urlloading" finished-at="2024-10-02T14:10:07 IST" duration-ms="8" status="PASS">
          <reporter-output>
          </reporter-output>
        </test-method> <!-- urlloading -->
        <test-method signature="test4()[pri:0, instance:testNg.testNgdemo@a38c7fe]" started-at="2024-10-02T14:10:07 IST" name="test4" finished-at="2024-10-02T14:10:07 IST" duration-ms="8" status="PASS">
          <reporter-output>
          </reporter-output>
        </test-method> <!-- test4 -->
        <test-method is-config="true" signature="aftrmethd()[pri:0, instance:testNg.testNgdemo@a38c7fe]" started-at="2024-10-02T14:10:07 IST" name="aftrmethd" finished-at="2024-10-02T14:10:07 IST" duration-ms="3" status="PASS">
          <reporter-output>
          </reporter-output>
        </test-method> <!-- aftrmethd -->
        <test-method is-config="true" signature="teardown()[pri:0, instance:testNg.testNgdemo@a38c7fe]" started-at="2024-10-02T14:10:07 IST" name="teardown" finished-at="2024-10-02T14:10:07 IST" duration-ms="3" status="PASS">
          <reporter-output>
          </reporter-output>
        </test-method> <!-- teardown -->
      </class> <!-- testNg.testNgdemo -->
    </test> <!-- Default test -->
  </suite> <!-- Default suite -->
</testng-results>
